Building DAG of jobs...
Using shell: /usr/bin/bash
Provided cores: 4
Rules claiming more threads will be scaled down.
Job stats:
job                   count    min threads    max threads
------------------  -------  -------------  -------------
all                       1              1              1
ancova_stats             50              4              4
fake_data_creation        1              1              1
get_report                1              1              1
total                    53              1              4

Select jobs to execute...

[Tue Aug 16 03:29:03 2022]
rule fake_data_creation:
    output: tmp/samples/sample1/sample1.tsv, tmp/samples/sample2/sample2.tsv, tmp/samples/sample3/sample3.tsv, tmp/samples/sample4/sample4.tsv, tmp/samples/sample5/sample5.tsv, tmp/samples/sample6/sample6.tsv, tmp/samples/sample7/sample7.tsv, tmp/samples/sample8/sample8.tsv, tmp/samples/sample9/sample9.tsv, tmp/samples/sample10/sample10.tsv, tmp/samples/sample11/sample11.tsv, tmp/samples/sample12/sample12.tsv, tmp/samples/sample13/sample13.tsv, tmp/samples/sample14/sample14.tsv, tmp/samples/sample15/sample15.tsv, tmp/samples/sample16/sample16.tsv, tmp/samples/sample17/sample17.tsv, tmp/samples/sample18/sample18.tsv, tmp/samples/sample19/sample19.tsv, tmp/samples/sample20/sample20.tsv, tmp/samples/sample21/sample21.tsv, tmp/samples/sample22/sample22.tsv, tmp/samples/sample23/sample23.tsv, tmp/samples/sample24/sample24.tsv, tmp/samples/sample25/sample25.tsv, tmp/samples/sample26/sample26.tsv, tmp/samples/sample27/sample27.tsv, tmp/samples/sample28/sample28.tsv, tmp/samples/sample29/sample29.tsv, tmp/samples/sample30/sample30.tsv, tmp/samples/sample31/sample31.tsv, tmp/samples/sample32/sample32.tsv, tmp/samples/sample33/sample33.tsv, tmp/samples/sample34/sample34.tsv, tmp/samples/sample35/sample35.tsv, tmp/samples/sample36/sample36.tsv, tmp/samples/sample37/sample37.tsv, tmp/samples/sample38/sample38.tsv, tmp/samples/sample39/sample39.tsv, tmp/samples/sample40/sample40.tsv, tmp/samples/sample41/sample41.tsv, tmp/samples/sample42/sample42.tsv, tmp/samples/sample43/sample43.tsv, tmp/samples/sample44/sample44.tsv, tmp/samples/sample45/sample45.tsv, tmp/samples/sample46/sample46.tsv, tmp/samples/sample47/sample47.tsv, tmp/samples/sample48/sample48.tsv, tmp/samples/sample49/sample49.tsv, tmp/samples/sample50/sample50.tsv
    jobid: 3
    reason: Missing output files: tmp/samples/sample40/sample40.tsv, tmp/samples/sample5/sample5.tsv, tmp/samples/sample21/sample21.tsv, tmp/samples/sample44/sample44.tsv, tmp/samples/sample22/sample22.tsv, tmp/samples/sample37/sample37.tsv, tmp/samples/sample29/sample29.tsv, tmp/samples/sample30/sample30.tsv, tmp/samples/sample47/sample47.tsv, tmp/samples/sample43/sample43.tsv, tmp/samples/sample33/sample33.tsv, tmp/samples/sample8/sample8.tsv, tmp/samples/sample15/sample15.tsv, tmp/samples/sample23/sample23.tsv, tmp/samples/sample50/sample50.tsv, tmp/samples/sample16/sample16.tsv, tmp/samples/sample35/sample35.tsv, tmp/samples/sample38/sample38.tsv, tmp/samples/sample39/sample39.tsv, tmp/samples/sample24/sample24.tsv, tmp/samples/sample2/sample2.tsv, tmp/samples/sample19/sample19.tsv, tmp/samples/sample26/sample26.tsv, tmp/samples/sample36/sample36.tsv, tmp/samples/sample9/sample9.tsv, tmp/samples/sample3/sample3.tsv, tmp/samples/sample6/sample6.tsv, tmp/samples/sample49/sample49.tsv, tmp/samples/sample18/sample18.tsv, tmp/samples/sample14/sample14.tsv, tmp/samples/sample28/sample28.tsv, tmp/samples/sample31/sample31.tsv, tmp/samples/sample46/sample46.tsv, tmp/samples/sample7/sample7.tsv, tmp/samples/sample13/sample13.tsv, tmp/samples/sample20/sample20.tsv, tmp/samples/sample42/sample42.tsv, tmp/samples/sample48/sample48.tsv, tmp/samples/sample11/sample11.tsv, tmp/samples/sample1/sample1.tsv, tmp/samples/sample12/sample12.tsv, tmp/samples/sample10/sample10.tsv, tmp/samples/sample32/sample32.tsv, tmp/samples/sample45/sample45.tsv, tmp/samples/sample27/sample27.tsv, tmp/samples/sample41/sample41.tsv, tmp/samples/sample34/sample34.tsv, tmp/samples/sample17/sample17.tsv, tmp/samples/sample25/sample25.tsv, tmp/samples/sample4/sample4.tsv
    resources: tmpdir=/tmp

[Tue Aug 16 03:29:05 2022]
Finished job 3.
1 of 53 steps (2%) done
Select jobs to execute...

[Tue Aug 16 03:29:05 2022]
rule ancova_stats:
    input: tmp/samples/sample35/sample35.tsv
    output: tmp/samples/sample35/sqlite.db
    jobid: 37
    reason: Missing output files: tmp/samples/sample35/sqlite.db; Input files updated by another job: tmp/samples/sample35/sample35.tsv
    wildcards: sample=sample35
    threads: 4
    resources: tmpdir=/tmp

[Tue Aug 16 03:29:09 2022]
Finished job 37.
2 of 53 steps (4%) done
Select jobs to execute...

[Tue Aug 16 03:29:09 2022]
rule ancova_stats:
    input: tmp/samples/sample13/sample13.tsv
    output: tmp/samples/sample13/sqlite.db
    jobid: 15
    reason: Missing output files: tmp/samples/sample13/sqlite.db; Input files updated by another job: tmp/samples/sample13/sample13.tsv
    wildcards: sample=sample13
    threads: 4
    resources: tmpdir=/tmp

[Tue Aug 16 03:29:14 2022]
Finished job 15.
3 of 53 steps (6%) done
Select jobs to execute...

[Tue Aug 16 03:29:14 2022]
rule ancova_stats:
    input: tmp/samples/sample1/sample1.tsv
    output: tmp/samples/sample1/sqlite.db
    jobid: 2
    reason: Missing output files: tmp/samples/sample1/sqlite.db; Input files updated by another job: tmp/samples/sample1/sample1.tsv
    wildcards: sample=sample1
    threads: 4
    resources: tmpdir=/tmp

[Tue Aug 16 03:29:19 2022]
Finished job 2.
4 of 53 steps (8%) done
Select jobs to execute...

[Tue Aug 16 03:29:19 2022]
rule ancova_stats:
    input: tmp/samples/sample16/sample16.tsv
    output: tmp/samples/sample16/sqlite.db
    jobid: 18
    reason: Missing output files: tmp/samples/sample16/sqlite.db; Input files updated by another job: tmp/samples/sample16/sample16.tsv
    wildcards: sample=sample16
    threads: 4
    resources: tmpdir=/tmp

[Tue Aug 16 03:29:23 2022]
Finished job 18.
5 of 53 steps (9%) done
Select jobs to execute...

[Tue Aug 16 03:29:23 2022]
rule ancova_stats:
    input: tmp/samples/sample46/sample46.tsv
    output: tmp/samples/sample46/sqlite.db
    jobid: 48
    reason: Missing output files: tmp/samples/sample46/sqlite.db; Input files updated by another job: tmp/samples/sample46/sample46.tsv
    wildcards: sample=sample46
    threads: 4
    resources: tmpdir=/tmp

[Tue Aug 16 03:29:28 2022]
Finished job 48.
6 of 53 steps (11%) done
Select jobs to execute...

[Tue Aug 16 03:29:28 2022]
rule ancova_stats:
    input: tmp/samples/sample39/sample39.tsv
    output: tmp/samples/sample39/sqlite.db
    jobid: 41
    reason: Missing output files: tmp/samples/sample39/sqlite.db; Input files updated by another job: tmp/samples/sample39/sample39.tsv
    wildcards: sample=sample39
    threads: 4
    resources: tmpdir=/tmp

[Tue Aug 16 03:29:32 2022]
Finished job 41.
7 of 53 steps (13%) done
Select jobs to execute...

[Tue Aug 16 03:29:32 2022]
rule ancova_stats:
    input: tmp/samples/sample26/sample26.tsv
    output: tmp/samples/sample26/sqlite.db
    jobid: 28
    reason: Missing output files: tmp/samples/sample26/sqlite.db; Input files updated by another job: tmp/samples/sample26/sample26.tsv
    wildcards: sample=sample26
    threads: 4
    resources: tmpdir=/tmp

[Tue Aug 16 03:29:37 2022]
Finished job 28.
8 of 53 steps (15%) done
Select jobs to execute...

[Tue Aug 16 03:29:37 2022]
rule ancova_stats:
    input: tmp/samples/sample29/sample29.tsv
    output: tmp/samples/sample29/sqlite.db
    jobid: 31
    reason: Missing output files: tmp/samples/sample29/sqlite.db; Input files updated by another job: tmp/samples/sample29/sample29.tsv
    wildcards: sample=sample29
    threads: 4
    resources: tmpdir=/tmp

[Tue Aug 16 03:29:41 2022]
Finished job 31.
9 of 53 steps (17%) done
Select jobs to execute...

[Tue Aug 16 03:29:41 2022]
rule ancova_stats:
    input: tmp/samples/sample37/sample37.tsv
    output: tmp/samples/sample37/sqlite.db
    jobid: 39
    reason: Missing output files: tmp/samples/sample37/sqlite.db; Input files updated by another job: tmp/samples/sample37/sample37.tsv
    wildcards: sample=sample37
    threads: 4
    resources: tmpdir=/tmp

[Tue Aug 16 03:29:46 2022]
Finished job 39.
10 of 53 steps (19%) done
Select jobs to execute...

[Tue Aug 16 03:29:46 2022]
rule ancova_stats:
    input: tmp/samples/sample7/sample7.tsv
    output: tmp/samples/sample7/sqlite.db
    jobid: 9
    reason: Missing output files: tmp/samples/sample7/sqlite.db; Input files updated by another job: tmp/samples/sample7/sample7.tsv
    wildcards: sample=sample7
    threads: 4
    resources: tmpdir=/tmp

[Tue Aug 16 03:29:50 2022]
Finished job 9.
11 of 53 steps (21%) done
Select jobs to execute...

[Tue Aug 16 03:29:50 2022]
rule ancova_stats:
    input: tmp/samples/sample33/sample33.tsv
    output: tmp/samples/sample33/sqlite.db
    jobid: 35
    reason: Missing output files: tmp/samples/sample33/sqlite.db; Input files updated by another job: tmp/samples/sample33/sample33.tsv
    wildcards: sample=sample33
    threads: 4
    resources: tmpdir=/tmp

[Tue Aug 16 03:29:55 2022]
Finished job 35.
12 of 53 steps (23%) done
Select jobs to execute...

[Tue Aug 16 03:29:55 2022]
rule ancova_stats:
    input: tmp/samples/sample5/sample5.tsv
    output: tmp/samples/sample5/sqlite.db
    jobid: 7
    reason: Missing output files: tmp/samples/sample5/sqlite.db; Input files updated by another job: tmp/samples/sample5/sample5.tsv
    wildcards: sample=sample5
    threads: 4
    resources: tmpdir=/tmp

[Tue Aug 16 03:29:59 2022]
Finished job 7.
13 of 53 steps (25%) done
Select jobs to execute...

[Tue Aug 16 03:29:59 2022]
rule ancova_stats:
    input: tmp/samples/sample43/sample43.tsv
    output: tmp/samples/sample43/sqlite.db
    jobid: 45
    reason: Missing output files: tmp/samples/sample43/sqlite.db; Input files updated by another job: tmp/samples/sample43/sample43.tsv
    wildcards: sample=sample43
    threads: 4
    resources: tmpdir=/tmp

[Tue Aug 16 03:30:03 2022]
Finished job 45.
14 of 53 steps (26%) done
Select jobs to execute...

[Tue Aug 16 03:30:03 2022]
rule ancova_stats:
    input: tmp/samples/sample44/sample44.tsv
    output: tmp/samples/sample44/sqlite.db
    jobid: 46
    reason: Missing output files: tmp/samples/sample44/sqlite.db; Input files updated by another job: tmp/samples/sample44/sample44.tsv
    wildcards: sample=sample44
    threads: 4
    resources: tmpdir=/tmp

[Tue Aug 16 03:30:08 2022]
Finished job 46.
15 of 53 steps (28%) done
Select jobs to execute...

[Tue Aug 16 03:30:08 2022]
rule ancova_stats:
    input: tmp/samples/sample30/sample30.tsv
    output: tmp/samples/sample30/sqlite.db
    jobid: 32
    reason: Missing output files: tmp/samples/sample30/sqlite.db; Input files updated by another job: tmp/samples/sample30/sample30.tsv
    wildcards: sample=sample30
    threads: 4
    resources: tmpdir=/tmp

[Tue Aug 16 03:30:12 2022]
Finished job 32.
16 of 53 steps (30%) done
Select jobs to execute...

[Tue Aug 16 03:30:12 2022]
rule ancova_stats:
    input: tmp/samples/sample8/sample8.tsv
    output: tmp/samples/sample8/sqlite.db
    jobid: 10
    reason: Missing output files: tmp/samples/sample8/sqlite.db; Input files updated by another job: tmp/samples/sample8/sample8.tsv
    wildcards: sample=sample8
    threads: 4
    resources: tmpdir=/tmp

[Tue Aug 16 03:30:17 2022]
Finished job 10.
17 of 53 steps (32%) done
Select jobs to execute...

[Tue Aug 16 03:30:17 2022]
rule ancova_stats:
    input: tmp/samples/sample24/sample24.tsv
    output: tmp/samples/sample24/sqlite.db
    jobid: 26
    reason: Missing output files: tmp/samples/sample24/sqlite.db; Input files updated by another job: tmp/samples/sample24/sample24.tsv
    wildcards: sample=sample24
    threads: 4
    resources: tmpdir=/tmp

[Tue Aug 16 03:30:21 2022]
Finished job 26.
18 of 53 steps (34%) done
Select jobs to execute...

[Tue Aug 16 03:30:21 2022]
rule ancova_stats:
    input: tmp/samples/sample2/sample2.tsv
    output: tmp/samples/sample2/sqlite.db
    jobid: 4
    reason: Missing output files: tmp/samples/sample2/sqlite.db; Input files updated by another job: tmp/samples/sample2/sample2.tsv
    wildcards: sample=sample2
    threads: 4
    resources: tmpdir=/tmp

[Tue Aug 16 03:30:26 2022]
Finished job 4.
19 of 53 steps (36%) done
Select jobs to execute...

[Tue Aug 16 03:30:26 2022]
rule ancova_stats:
    input: tmp/samples/sample49/sample49.tsv
    output: tmp/samples/sample49/sqlite.db
    jobid: 51
    reason: Missing output files: tmp/samples/sample49/sqlite.db; Input files updated by another job: tmp/samples/sample49/sample49.tsv
    wildcards: sample=sample49
    threads: 4
    resources: tmpdir=/tmp

[Tue Aug 16 03:30:30 2022]
Finished job 51.
20 of 53 steps (38%) done
Select jobs to execute...

[Tue Aug 16 03:30:30 2022]
rule ancova_stats:
    input: tmp/samples/sample20/sample20.tsv
    output: tmp/samples/sample20/sqlite.db
    jobid: 22
    reason: Missing output files: tmp/samples/sample20/sqlite.db; Input files updated by another job: tmp/samples/sample20/sample20.tsv
    wildcards: sample=sample20
    threads: 4
    resources: tmpdir=/tmp

[Tue Aug 16 03:30:35 2022]
Finished job 22.
21 of 53 steps (40%) done
Select jobs to execute...

[Tue Aug 16 03:30:35 2022]
rule ancova_stats:
    input: tmp/samples/sample15/sample15.tsv
    output: tmp/samples/sample15/sqlite.db
    jobid: 17
    reason: Missing output files: tmp/samples/sample15/sqlite.db; Input files updated by another job: tmp/samples/sample15/sample15.tsv
    wildcards: sample=sample15
    threads: 4
    resources: tmpdir=/tmp

[Tue Aug 16 03:30:39 2022]
Finished job 17.
22 of 53 steps (42%) done
Select jobs to execute...

[Tue Aug 16 03:30:39 2022]
rule ancova_stats:
    input: tmp/samples/sample17/sample17.tsv
    output: tmp/samples/sample17/sqlite.db
    jobid: 19
    reason: Missing output files: tmp/samples/sample17/sqlite.db; Input files updated by another job: tmp/samples/sample17/sample17.tsv
    wildcards: sample=sample17
    threads: 4
    resources: tmpdir=/tmp

[Tue Aug 16 03:30:43 2022]
Finished job 19.
23 of 53 steps (43%) done
Select jobs to execute...

[Tue Aug 16 03:30:43 2022]
rule ancova_stats:
    input: tmp/samples/sample47/sample47.tsv
    output: tmp/samples/sample47/sqlite.db
    jobid: 49
    reason: Missing output files: tmp/samples/sample47/sqlite.db; Input files updated by another job: tmp/samples/sample47/sample47.tsv
    wildcards: sample=sample47
    threads: 4
    resources: tmpdir=/tmp

[Tue Aug 16 03:30:48 2022]
Finished job 49.
24 of 53 steps (45%) done
Select jobs to execute...

[Tue Aug 16 03:30:48 2022]
rule ancova_stats:
    input: tmp/samples/sample40/sample40.tsv
    output: tmp/samples/sample40/sqlite.db
    jobid: 42
    reason: Missing output files: tmp/samples/sample40/sqlite.db; Input files updated by another job: tmp/samples/sample40/sample40.tsv
    wildcards: sample=sample40
    threads: 4
    resources: tmpdir=/tmp

[Tue Aug 16 03:30:52 2022]
Finished job 42.
25 of 53 steps (47%) done
Select jobs to execute...

[Tue Aug 16 03:30:52 2022]
rule ancova_stats:
    input: tmp/samples/sample4/sample4.tsv
    output: tmp/samples/sample4/sqlite.db
    jobid: 6
    reason: Missing output files: tmp/samples/sample4/sqlite.db; Input files updated by another job: tmp/samples/sample4/sample4.tsv
    wildcards: sample=sample4
    threads: 4
    resources: tmpdir=/tmp

[Tue Aug 16 03:30:57 2022]
Finished job 6.
26 of 53 steps (49%) done
Select jobs to execute...

[Tue Aug 16 03:30:57 2022]
rule ancova_stats:
    input: tmp/samples/sample28/sample28.tsv
    output: tmp/samples/sample28/sqlite.db
    jobid: 30
    reason: Missing output files: tmp/samples/sample28/sqlite.db; Input files updated by another job: tmp/samples/sample28/sample28.tsv
    wildcards: sample=sample28
    threads: 4
    resources: tmpdir=/tmp

[Tue Aug 16 03:31:01 2022]
Finished job 30.
27 of 53 steps (51%) done
Select jobs to execute...

[Tue Aug 16 03:31:01 2022]
rule ancova_stats:
    input: tmp/samples/sample36/sample36.tsv
    output: tmp/samples/sample36/sqlite.db
    jobid: 38
    reason: Missing output files: tmp/samples/sample36/sqlite.db; Input files updated by another job: tmp/samples/sample36/sample36.tsv
    wildcards: sample=sample36
    threads: 4
    resources: tmpdir=/tmp

[Tue Aug 16 03:31:06 2022]
Finished job 38.
28 of 53 steps (53%) done
Select jobs to execute...

[Tue Aug 16 03:31:06 2022]
rule ancova_stats:
    input: tmp/samples/sample25/sample25.tsv
    output: tmp/samples/sample25/sqlite.db
    jobid: 27
    reason: Missing output files: tmp/samples/sample25/sqlite.db; Input files updated by another job: tmp/samples/sample25/sample25.tsv
    wildcards: sample=sample25
    threads: 4
    resources: tmpdir=/tmp

[Tue Aug 16 03:31:10 2022]
Finished job 27.
29 of 53 steps (55%) done
Select jobs to execute...

[Tue Aug 16 03:31:10 2022]
rule ancova_stats:
    input: tmp/samples/sample10/sample10.tsv
    output: tmp/samples/sample10/sqlite.db
    jobid: 12
    reason: Missing output files: tmp/samples/sample10/sqlite.db; Input files updated by another job: tmp/samples/sample10/sample10.tsv
    wildcards: sample=sample10
    threads: 4
    resources: tmpdir=/tmp

[Tue Aug 16 03:31:15 2022]
Finished job 12.
30 of 53 steps (57%) done
Select jobs to execute...

[Tue Aug 16 03:31:15 2022]
rule ancova_stats:
    input: tmp/samples/sample18/sample18.tsv
    output: tmp/samples/sample18/sqlite.db
    jobid: 20
    reason: Missing output files: tmp/samples/sample18/sqlite.db; Input files updated by another job: tmp/samples/sample18/sample18.tsv
    wildcards: sample=sample18
    threads: 4
    resources: tmpdir=/tmp

[Tue Aug 16 03:31:19 2022]
Finished job 20.
31 of 53 steps (58%) done
Select jobs to execute...

[Tue Aug 16 03:31:19 2022]
rule ancova_stats:
    input: tmp/samples/sample48/sample48.tsv
    output: tmp/samples/sample48/sqlite.db
    jobid: 50
    reason: Missing output files: tmp/samples/sample48/sqlite.db; Input files updated by another job: tmp/samples/sample48/sample48.tsv
    wildcards: sample=sample48
    threads: 4
    resources: tmpdir=/tmp

[Tue Aug 16 03:31:23 2022]
Finished job 50.
32 of 53 steps (60%) done
Select jobs to execute...

[Tue Aug 16 03:31:23 2022]
rule ancova_stats:
    input: tmp/samples/sample19/sample19.tsv
    output: tmp/samples/sample19/sqlite.db
    jobid: 21
    reason: Missing output files: tmp/samples/sample19/sqlite.db; Input files updated by another job: tmp/samples/sample19/sample19.tsv
    wildcards: sample=sample19
    threads: 4
    resources: tmpdir=/tmp

[Tue Aug 16 03:31:28 2022]
Finished job 21.
33 of 53 steps (62%) done
Select jobs to execute...

[Tue Aug 16 03:31:28 2022]
rule ancova_stats:
    input: tmp/samples/sample38/sample38.tsv
    output: tmp/samples/sample38/sqlite.db
    jobid: 40
    reason: Missing output files: tmp/samples/sample38/sqlite.db; Input files updated by another job: tmp/samples/sample38/sample38.tsv
    wildcards: sample=sample38
    threads: 4
    resources: tmpdir=/tmp

[Tue Aug 16 03:31:32 2022]
Finished job 40.
34 of 53 steps (64%) done
Select jobs to execute...

[Tue Aug 16 03:31:32 2022]
rule ancova_stats:
    input: tmp/samples/sample23/sample23.tsv
    output: tmp/samples/sample23/sqlite.db
    jobid: 25
    reason: Missing output files: tmp/samples/sample23/sqlite.db; Input files updated by another job: tmp/samples/sample23/sample23.tsv
    wildcards: sample=sample23
    threads: 4
    resources: tmpdir=/tmp

[Tue Aug 16 03:31:37 2022]
Finished job 25.
35 of 53 steps (66%) done
Select jobs to execute...

[Tue Aug 16 03:31:37 2022]
rule ancova_stats:
    input: tmp/samples/sample12/sample12.tsv
    output: tmp/samples/sample12/sqlite.db
    jobid: 14
    reason: Missing output files: tmp/samples/sample12/sqlite.db; Input files updated by another job: tmp/samples/sample12/sample12.tsv
    wildcards: sample=sample12
    threads: 4
    resources: tmpdir=/tmp

[Tue Aug 16 03:31:41 2022]
Finished job 14.
36 of 53 steps (68%) done
Select jobs to execute...

[Tue Aug 16 03:31:42 2022]
rule ancova_stats:
    input: tmp/samples/sample14/sample14.tsv
    output: tmp/samples/sample14/sqlite.db
    jobid: 16
    reason: Missing output files: tmp/samples/sample14/sqlite.db; Input files updated by another job: tmp/samples/sample14/sample14.tsv
    wildcards: sample=sample14
    threads: 4
    resources: tmpdir=/tmp

[Tue Aug 16 03:31:46 2022]
Finished job 16.
37 of 53 steps (70%) done
Select jobs to execute...

[Tue Aug 16 03:31:46 2022]
rule ancova_stats:
    input: tmp/samples/sample3/sample3.tsv
    output: tmp/samples/sample3/sqlite.db
    jobid: 5
    reason: Missing output files: tmp/samples/sample3/sqlite.db; Input files updated by another job: tmp/samples/sample3/sample3.tsv
    wildcards: sample=sample3
    threads: 4
    resources: tmpdir=/tmp

[Tue Aug 16 03:31:50 2022]
Finished job 5.
38 of 53 steps (72%) done
Select jobs to execute...

[Tue Aug 16 03:31:50 2022]
rule ancova_stats:
    input: tmp/samples/sample22/sample22.tsv
    output: tmp/samples/sample22/sqlite.db
    jobid: 24
    reason: Missing output files: tmp/samples/sample22/sqlite.db; Input files updated by another job: tmp/samples/sample22/sample22.tsv
    wildcards: sample=sample22
    threads: 4
    resources: tmpdir=/tmp

[Tue Aug 16 03:31:55 2022]
Finished job 24.
39 of 53 steps (74%) done
Select jobs to execute...

[Tue Aug 16 03:31:55 2022]
rule ancova_stats:
    input: tmp/samples/sample45/sample45.tsv
    output: tmp/samples/sample45/sqlite.db
    jobid: 47
    reason: Missing output files: tmp/samples/sample45/sqlite.db; Input files updated by another job: tmp/samples/sample45/sample45.tsv
    wildcards: sample=sample45
    threads: 4
    resources: tmpdir=/tmp

[Tue Aug 16 03:31:59 2022]
Finished job 47.
40 of 53 steps (75%) done
Select jobs to execute...

[Tue Aug 16 03:31:59 2022]
rule ancova_stats:
    input: tmp/samples/sample6/sample6.tsv
    output: tmp/samples/sample6/sqlite.db
    jobid: 8
    reason: Missing output files: tmp/samples/sample6/sqlite.db; Input files updated by another job: tmp/samples/sample6/sample6.tsv
    wildcards: sample=sample6
    threads: 4
    resources: tmpdir=/tmp

[Tue Aug 16 03:32:03 2022]
Finished job 8.
41 of 53 steps (77%) done
Select jobs to execute...

[Tue Aug 16 03:32:03 2022]
rule ancova_stats:
    input: tmp/samples/sample27/sample27.tsv
    output: tmp/samples/sample27/sqlite.db
    jobid: 29
    reason: Missing output files: tmp/samples/sample27/sqlite.db; Input files updated by another job: tmp/samples/sample27/sample27.tsv
    wildcards: sample=sample27
    threads: 4
    resources: tmpdir=/tmp

[Tue Aug 16 03:32:08 2022]
Finished job 29.
42 of 53 steps (79%) done
Select jobs to execute...

[Tue Aug 16 03:32:08 2022]
rule ancova_stats:
    input: tmp/samples/sample50/sample50.tsv
    output: tmp/samples/sample50/sqlite.db
    jobid: 52
    reason: Missing output files: tmp/samples/sample50/sqlite.db; Input files updated by another job: tmp/samples/sample50/sample50.tsv
    wildcards: sample=sample50
    threads: 4
    resources: tmpdir=/tmp

[Tue Aug 16 03:32:12 2022]
Finished job 52.
43 of 53 steps (81%) done
Select jobs to execute...

[Tue Aug 16 03:32:12 2022]
rule ancova_stats:
    input: tmp/samples/sample41/sample41.tsv
    output: tmp/samples/sample41/sqlite.db
    jobid: 43
    reason: Missing output files: tmp/samples/sample41/sqlite.db; Input files updated by another job: tmp/samples/sample41/sample41.tsv
    wildcards: sample=sample41
    threads: 4
    resources: tmpdir=/tmp

[Tue Aug 16 03:32:16 2022]
Finished job 43.
44 of 53 steps (83%) done
Select jobs to execute...

[Tue Aug 16 03:32:16 2022]
rule ancova_stats:
    input: tmp/samples/sample32/sample32.tsv
    output: tmp/samples/sample32/sqlite.db
    jobid: 34
    reason: Missing output files: tmp/samples/sample32/sqlite.db; Input files updated by another job: tmp/samples/sample32/sample32.tsv
    wildcards: sample=sample32
    threads: 4
    resources: tmpdir=/tmp

[Tue Aug 16 03:32:21 2022]
Finished job 34.
45 of 53 steps (85%) done
Select jobs to execute...

[Tue Aug 16 03:32:21 2022]
rule ancova_stats:
    input: tmp/samples/sample42/sample42.tsv
    output: tmp/samples/sample42/sqlite.db
    jobid: 44
    reason: Missing output files: tmp/samples/sample42/sqlite.db; Input files updated by another job: tmp/samples/sample42/sample42.tsv
    wildcards: sample=sample42
    threads: 4
    resources: tmpdir=/tmp

[Tue Aug 16 03:32:25 2022]
Finished job 44.
46 of 53 steps (87%) done
Select jobs to execute...

[Tue Aug 16 03:32:25 2022]
rule ancova_stats:
    input: tmp/samples/sample31/sample31.tsv
    output: tmp/samples/sample31/sqlite.db
    jobid: 33
    reason: Missing output files: tmp/samples/sample31/sqlite.db; Input files updated by another job: tmp/samples/sample31/sample31.tsv
    wildcards: sample=sample31
    threads: 4
    resources: tmpdir=/tmp

[Tue Aug 16 03:32:30 2022]
Finished job 33.
47 of 53 steps (89%) done
Select jobs to execute...

[Tue Aug 16 03:32:30 2022]
rule ancova_stats:
    input: tmp/samples/sample9/sample9.tsv
    output: tmp/samples/sample9/sqlite.db
    jobid: 11
    reason: Missing output files: tmp/samples/sample9/sqlite.db; Input files updated by another job: tmp/samples/sample9/sample9.tsv
    wildcards: sample=sample9
    threads: 4
    resources: tmpdir=/tmp

[Tue Aug 16 03:32:34 2022]
Finished job 11.
48 of 53 steps (91%) done
Select jobs to execute...

[Tue Aug 16 03:32:34 2022]
rule ancova_stats:
    input: tmp/samples/sample11/sample11.tsv
    output: tmp/samples/sample11/sqlite.db
    jobid: 13
    reason: Missing output files: tmp/samples/sample11/sqlite.db; Input files updated by another job: tmp/samples/sample11/sample11.tsv
    wildcards: sample=sample11
    threads: 4
    resources: tmpdir=/tmp

[Tue Aug 16 03:32:39 2022]
Finished job 13.
49 of 53 steps (92%) done
Select jobs to execute...

[Tue Aug 16 03:32:39 2022]
rule ancova_stats:
    input: tmp/samples/sample34/sample34.tsv
    output: tmp/samples/sample34/sqlite.db
    jobid: 36
    reason: Missing output files: tmp/samples/sample34/sqlite.db; Input files updated by another job: tmp/samples/sample34/sample34.tsv
    wildcards: sample=sample34
    threads: 4
    resources: tmpdir=/tmp

[Tue Aug 16 03:32:43 2022]
Finished job 36.
50 of 53 steps (94%) done
Select jobs to execute...

[Tue Aug 16 03:32:43 2022]
rule ancova_stats:
    input: tmp/samples/sample21/sample21.tsv
    output: tmp/samples/sample21/sqlite.db
    jobid: 23
    reason: Missing output files: tmp/samples/sample21/sqlite.db; Input files updated by another job: tmp/samples/sample21/sample21.tsv
    wildcards: sample=sample21
    threads: 4
    resources: tmpdir=/tmp

[Tue Aug 16 03:32:48 2022]
Finished job 23.
51 of 53 steps (96%) done
Select jobs to execute...

[Tue Aug 16 03:32:48 2022]
rule get_report:
    input: tmp/samples/sample1/sqlite.db, tmp/samples/sample2/sqlite.db, tmp/samples/sample3/sqlite.db, tmp/samples/sample4/sqlite.db, tmp/samples/sample5/sqlite.db, tmp/samples/sample6/sqlite.db, tmp/samples/sample7/sqlite.db, tmp/samples/sample8/sqlite.db, tmp/samples/sample9/sqlite.db, tmp/samples/sample10/sqlite.db, tmp/samples/sample11/sqlite.db, tmp/samples/sample12/sqlite.db, tmp/samples/sample13/sqlite.db, tmp/samples/sample14/sqlite.db, tmp/samples/sample15/sqlite.db, tmp/samples/sample16/sqlite.db, tmp/samples/sample17/sqlite.db, tmp/samples/sample18/sqlite.db, tmp/samples/sample19/sqlite.db, tmp/samples/sample20/sqlite.db, tmp/samples/sample21/sqlite.db, tmp/samples/sample22/sqlite.db, tmp/samples/sample23/sqlite.db, tmp/samples/sample24/sqlite.db, tmp/samples/sample25/sqlite.db, tmp/samples/sample26/sqlite.db, tmp/samples/sample27/sqlite.db, tmp/samples/sample28/sqlite.db, tmp/samples/sample29/sqlite.db, tmp/samples/sample30/sqlite.db, tmp/samples/sample31/sqlite.db, tmp/samples/sample32/sqlite.db, tmp/samples/sample33/sqlite.db, tmp/samples/sample34/sqlite.db, tmp/samples/sample35/sqlite.db, tmp/samples/sample36/sqlite.db, tmp/samples/sample37/sqlite.db, tmp/samples/sample38/sqlite.db, tmp/samples/sample39/sqlite.db, tmp/samples/sample40/sqlite.db, tmp/samples/sample41/sqlite.db, tmp/samples/sample42/sqlite.db, tmp/samples/sample43/sqlite.db, tmp/samples/sample44/sqlite.db, tmp/samples/sample45/sqlite.db, tmp/samples/sample46/sqlite.db, tmp/samples/sample47/sqlite.db, tmp/samples/sample48/sqlite.db, tmp/samples/sample49/sqlite.db, tmp/samples/sample50/sqlite.db
    output: output/report.tsv
    jobid: 1
    reason: Missing output files: output/report.tsv; Input files updated by another job: tmp/samples/sample48/sqlite.db, tmp/samples/sample1/sqlite.db, tmp/samples/sample28/sqlite.db, tmp/samples/sample4/sqlite.db, tmp/samples/sample9/sqlite.db, tmp/samples/sample29/sqlite.db, tmp/samples/sample50/sqlite.db, tmp/samples/sample5/sqlite.db, tmp/samples/sample20/sqlite.db, tmp/samples/sample7/sqlite.db, tmp/samples/sample43/sqlite.db, tmp/samples/sample33/sqlite.db, tmp/samples/sample23/sqlite.db, tmp/samples/sample14/sqlite.db, tmp/samples/sample6/sqlite.db, tmp/samples/sample25/sqlite.db, tmp/samples/sample17/sqlite.db, tmp/samples/sample2/sqlite.db, tmp/samples/sample34/sqlite.db, tmp/samples/sample8/sqlite.db, tmp/samples/sample40/sqlite.db, tmp/samples/sample41/sqlite.db, tmp/samples/sample39/sqlite.db, tmp/samples/sample46/sqlite.db, tmp/samples/sample27/sqlite.db, tmp/samples/sample13/sqlite.db, tmp/samples/sample3/sqlite.db, tmp/samples/sample35/sqlite.db, tmp/samples/sample12/sqlite.db, tmp/samples/sample47/sqlite.db, tmp/samples/sample16/sqlite.db, tmp/samples/sample37/sqlite.db, tmp/samples/sample44/sqlite.db, tmp/samples/sample15/sqlite.db, tmp/samples/sample22/sqlite.db, tmp/samples/sample18/sqlite.db, tmp/samples/sample26/sqlite.db, tmp/samples/sample36/sqlite.db, tmp/samples/sample38/sqlite.db, tmp/samples/sample45/sqlite.db, tmp/samples/sample32/sqlite.db, tmp/samples/sample19/sqlite.db, tmp/samples/sample21/sqlite.db, tmp/samples/sample24/sqlite.db, tmp/samples/sample31/sqlite.db, tmp/samples/sample30/sqlite.db, tmp/samples/sample10/sqlite.db, tmp/samples/sample11/sqlite.db, tmp/samples/sample49/sqlite.db, tmp/samples/sample42/sqlite.db
    resources: tmpdir=/tmp

[Tue Aug 16 03:32:50 2022]
Finished job 1.
52 of 53 steps (98%) done
Select jobs to execute...

[Tue Aug 16 03:32:50 2022]
localrule all:
    input: output/report.tsv
    jobid: 0
    reason: Input files updated by another job: output/report.tsv
    resources: tmpdir=/tmp

[Tue Aug 16 03:32:50 2022]
Finished job 0.
53 of 53 steps (100%) done
Complete log: .snakemake/log/2022-08-16T032903.119900.snakemake.log
