Building DAG of jobs...
Using shell: /usr/bin/bash
Provided cores: 4
Rules claiming more threads will be scaled down.
Job stats:
job             count    min threads    max threads
------------  -------  -------------  -------------
all                 1              1              1
ancova_stats       16              1              1
get_report          1              1              1
total              18              1              1

Select jobs to execute...

[Tue Aug 16 00:56:49 2022]
rule ancova_stats:
    input: tmp/samples/sample1/sample1.tsv
    output: tmp/samples/sample1/sqlite.db
    jobid: 2
    reason: Missing output files: tmp/samples/sample1/sqlite.db
    wildcards: sample=sample1
    resources: tmpdir=/tmp


[Tue Aug 16 00:56:49 2022]
rule ancova_stats:
    input: tmp/samples/sample6/sample6.tsv
    output: tmp/samples/sample6/sqlite.db
    jobid: 18
    reason: Missing output files: tmp/samples/sample6/sqlite.db
    wildcards: sample=sample6
    resources: tmpdir=/tmp


[Tue Aug 16 00:56:49 2022]
rule ancova_stats:
    input: tmp/samples/sample7/sample7.tsv
    output: tmp/samples/sample7/sqlite.db
    jobid: 19
    reason: Missing output files: tmp/samples/sample7/sqlite.db
    wildcards: sample=sample7
    resources: tmpdir=/tmp


[Tue Aug 16 00:56:49 2022]
rule ancova_stats:
    input: tmp/samples/sample14/sample14.tsv
    output: tmp/samples/sample14/sqlite.db
    jobid: 7
    reason: Missing output files: tmp/samples/sample14/sqlite.db
    wildcards: sample=sample14
    resources: tmpdir=/tmp

[Tue Aug 16 00:56:53 2022]
Finished job 18.
1 of 18 steps (6%) done
Select jobs to execute...

[Tue Aug 16 00:56:53 2022]
rule ancova_stats:
    input: tmp/samples/sample15/sample15.tsv
    output: tmp/samples/sample15/sqlite.db
    jobid: 8
    reason: Missing output files: tmp/samples/sample15/sqlite.db
    wildcards: sample=sample15
    resources: tmpdir=/tmp

[Tue Aug 16 00:56:53 2022]
Finished job 2.
2 of 18 steps (11%) done
Select jobs to execute...

[Tue Aug 16 00:56:53 2022]
rule ancova_stats:
    input: tmp/samples/sample12/sample12.tsv
    output: tmp/samples/sample12/sqlite.db
    jobid: 5
    reason: Missing output files: tmp/samples/sample12/sqlite.db
    wildcards: sample=sample12
    resources: tmpdir=/tmp

[Tue Aug 16 00:56:54 2022]
Error in rule ancova_stats:
    jobid: 19
    output: tmp/samples/sample7/sqlite.db
    shell:
        pep_detective/bin/create_db -db tmp/samples/sample7/sqlite.db | pep_detective/bin/effect_detector -id sample7 -i tmp/samples/sample7/sample7.tsv -p 0.01 -db tmp/samples/sample7/sqlite.db
        (one of the commands exited with non-zero exit code; note that snakemake uses bash strict mode!)

Removing output files of failed job ancova_stats since they might be corrupted:
tmp/samples/sample7/sqlite.db
[Tue Aug 16 00:56:54 2022]
Error in rule ancova_stats:
    jobid: 7
    output: tmp/samples/sample14/sqlite.db
    shell:
        pep_detective/bin/create_db -db tmp/samples/sample14/sqlite.db | pep_detective/bin/effect_detector -id sample14 -i tmp/samples/sample14/sample14.tsv -p 0.01 -db tmp/samples/sample14/sqlite.db
        (one of the commands exited with non-zero exit code; note that snakemake uses bash strict mode!)

Removing output files of failed job ancova_stats since they might be corrupted:
tmp/samples/sample14/sqlite.db
[Tue Aug 16 00:56:56 2022]
Finished job 8.
3 of 18 steps (17%) done
[Tue Aug 16 00:56:56 2022]
Finished job 5.
4 of 18 steps (22%) done
Shutting down, this might take some time.
Exiting because a job execution failed. Look above for error message
Complete log: .snakemake/log/2022-08-16T005649.344604.snakemake.log
