Building DAG of jobs...
Using shell: /usr/bin/bash
Provided cores: 4
Rules claiming more threads will be scaled down.
Job stats:
job                   count    min threads    max threads
------------------  -------  -------------  -------------
all                       1              1              1
ancova_stats             50              1              1
fake_data_creation       50              1              1
get_report                1              1              1
total                   102              1              1

Select jobs to execute...

[Mon Aug 15 23:49:01 2022]
rule fake_data_creation:
    output: tmp/samples/sample1/sample1.tsv
    jobid: 3
    reason: Missing output files: tmp/samples/sample1/sample1.tsv
    wildcards: sample=sample1/sample1
    resources: tmpdir=/tmp

[Mon Aug 15 23:49:01 2022]
rule fake_data_creation:
    output: tmp/samples/sample16/sample16.tsv
    jobid: 33
    reason: Missing output files: tmp/samples/sample16/sample16.tsv
    wildcards: sample=sample16/sample16
    resources: tmpdir=/tmp

[Mon Aug 15 23:49:01 2022]
rule fake_data_creation:
    output: tmp/samples/sample31/sample31.tsv
    jobid: 63
    reason: Missing output files: tmp/samples/sample31/sample31.tsv
    wildcards: sample=sample31/sample31
    resources: tmpdir=/tmp

[Mon Aug 15 23:49:01 2022]
rule fake_data_creation:
    output: tmp/samples/sample46/sample46.tsv
    jobid: 93
    reason: Missing output files: tmp/samples/sample46/sample46.tsv
    wildcards: sample=sample46/sample46
    resources: tmpdir=/tmp

Waiting at most 5 seconds for missing files.
MissingOutputException in rule fake_data_creation in line 16 of /home/jovyan/Documents/jupyter/pep-detective/workflow/Snakefile:
Job Missing files after 5 seconds. This might be due to filesystem latency. If that is the case, consider to increase the wait time with --latency-wait:
tmp/samples/sample31/sample31.tsv completed successfully, but some output files are missing. 63
Waiting at most 5 seconds for missing files.
MissingOutputException in rule fake_data_creation in line 16 of /home/jovyan/Documents/jupyter/pep-detective/workflow/Snakefile:
Job Missing files after 5 seconds. This might be due to filesystem latency. If that is the case, consider to increase the wait time with --latency-wait:
tmp/samples/sample16/sample16.tsv completed successfully, but some output files are missing. 33
Waiting at most 5 seconds for missing files.
MissingOutputException in rule fake_data_creation in line 16 of /home/jovyan/Documents/jupyter/pep-detective/workflow/Snakefile:
Job Missing files after 5 seconds. This might be due to filesystem latency. If that is the case, consider to increase the wait time with --latency-wait:
tmp/samples/sample46/sample46.tsv completed successfully, but some output files are missing. 93
Waiting at most 5 seconds for missing files.
MissingOutputException in rule fake_data_creation in line 16 of /home/jovyan/Documents/jupyter/pep-detective/workflow/Snakefile:
Job Missing files after 5 seconds. This might be due to filesystem latency. If that is the case, consider to increase the wait time with --latency-wait:
tmp/samples/sample1/sample1.tsv completed successfully, but some output files are missing. 3
Shutting down, this might take some time.
Exiting because a job execution failed. Look above for error message
Complete log: .snakemake/log/2022-08-15T234901.347174.snakemake.log
