Building DAG of jobs...
Using shell: /usr/bin/bash
Provided cores: 4
Rules claiming more threads will be scaled down.
Job stats:
job             count    min threads    max threads
------------  -------  -------------  -------------
all                 1              1              1
ancova_stats       20              1              1
get_report          1              1              1
total              22              1              1

Select jobs to execute...

[Tue Aug 16 00:55:45 2022]
rule ancova_stats:
    input: tmp/samples/sample17/sample17.tsv
    output: tmp/samples/sample17/sqlite.db
    jobid: 10
    reason: Missing output files: tmp/samples/sample17/sqlite.db
    wildcards: sample=sample17
    resources: tmpdir=/tmp


[Tue Aug 16 00:55:45 2022]
rule ancova_stats:
    input: tmp/samples/sample8/sample8.tsv
    output: tmp/samples/sample8/sqlite.db
    jobid: 20
    reason: Missing output files: tmp/samples/sample8/sqlite.db
    wildcards: sample=sample8
    resources: tmpdir=/tmp


[Tue Aug 16 00:55:45 2022]
rule ancova_stats:
    input: tmp/samples/sample20/sample20.tsv
    output: tmp/samples/sample20/sqlite.db
    jobid: 14
    reason: Missing output files: tmp/samples/sample20/sqlite.db
    wildcards: sample=sample20
    resources: tmpdir=/tmp


[Tue Aug 16 00:55:45 2022]
rule ancova_stats:
    input: tmp/samples/sample3/sample3.tsv
    output: tmp/samples/sample3/sqlite.db
    jobid: 15
    reason: Missing output files: tmp/samples/sample3/sqlite.db
    wildcards: sample=sample3
    resources: tmpdir=/tmp

[Tue Aug 16 00:55:49 2022]
Error in rule ancova_stats:
    jobid: 14
    output: tmp/samples/sample20/sqlite.db
    shell:
        pep_detective/bin/create_db -db tmp/samples/sample20/sqlite.db | pep_detective/bin/effect_detector -id sample20 -i tmp/samples/sample20/sample20.tsv -p 0.01 -db tmp/samples/sample20/sqlite.db
        (one of the commands exited with non-zero exit code; note that snakemake uses bash strict mode!)

Removing output files of failed job ancova_stats since they might be corrupted:
tmp/samples/sample20/sqlite.db
[Tue Aug 16 00:55:49 2022]
Finished job 20.
1 of 22 steps (5%) done
[Tue Aug 16 00:55:49 2022]
Finished job 15.
2 of 22 steps (9%) done
[Tue Aug 16 00:55:50 2022]
Finished job 10.
3 of 22 steps (14%) done
Shutting down, this might take some time.
Exiting because a job execution failed. Look above for error message
Complete log: .snakemake/log/2022-08-16T005545.320856.snakemake.log
